[    0.000000] Linux version 4.15.0-58-generic (buildd@lcy01-amd64-013) (gcc version 7.4.0 (Ubuntu 7.4.0-1ubuntu1~18.04.1)) #64-Ubuntu SMP Tue ug 6 11:2:41 UTC 01 (butu 4.15.0-58.64-generic 4.15.18)
[    0.000000] Command line: BOOT_IMAGE=/boot/vmlinuz-4.15.0-58-generic root=LABEL=cloudimg-rootfs ro consol=tty1 console=ttyS0
[    0.000000] KERNEL upported us
[    0.000000]   Intel GenuineIntel
[    0.000000]   AMD AuthenticAMD
[    0.000000]   Centaur CentaurHauls
[    0.000000] x86/fpu: Supporting AV featur 000: 'x87 floati pint registers'
[    .00000] 86/fpu: Supporting XSAVE feature 0x002: 'SSE registers'
[    0.000000] x86/fpu: Supporting XSAVE feature 0x004: 'AVX registers'
[    0.000000] x86/fpu: xstate_offset[2]:  576,xstate_sizes[2]:  256
[    0.00000] x86/fpu: Enabled xstate featues0x, context size is 832 bytes, using 'standard' format.
[    0.000000] e820: BIOS-provided physical RAM map:
[    0.000000] BIIOS-e820: [mem 0x0000000000000000-0x000000000009fbff] usable
[    0.000000] BIOS-e820: [em0x000000009f00-0x000000000009ffff] resved
    0.0000]BIOS-e820: [mem 0x00000000000f0000-0x00000000000fffff] reserved
[    0.000000] BIOS-e820: [mem 0x0000000000100000-0x000000003ffeffff] usable

[  0.0000] BIOS-e820: [mem 0x000000003fff0000-0x000000003fffffff] ACPI data
[    0.000000] BIOS-e820: [mem 0x00000000fec000-0x00000000fec00fff] served
[    0.000000] BIO-e82: [mm 0x00000000fee00000-0x00000000fee00fff] reserved
[    0.000000] BIOS-e820: [mem 0x00000000fffc0000-0x00000000ffffffff] reserved
[    0.000000] NX (Execute Disable) protection: active
[    0.000000] SMBIOS 2.5 present.
[    0.000000] DMI: innotek GmbH VirtualBox/VirtuuaBox, BIOS VrtalBox 12/1/00
[    0.0000] Hypervisor detected: KVM
[    0.000000] e820: last_pfn = 0x3fff0 max_arch_pfn = 0x400000000
[    0.000000] MTRR: Disabled
[    0.000000] x86/PAT: MTRRs disaled, skipping PAT initialization too.
[    0.000000] CPU MTRRs all blank - virtualized system.
[    0.00000 x86/PT: Configuration [0-7]: WB  WT  UC- UC  WB  WT  UC- UC  
[    0.0000] ound SMP MP-tabe t [mem x009fff0-0x0009ffff] maed at [      ptrval)]
[   .000000] Scanning 1 areas for low memory corruption
[    0.000000] RAMDISK: [mem 0x35979000-0x36c3ff]
[    0.000000] ACPI: Early table checksum  verifatonn diabed
[    0.0000] CPI: RSDP 000000000000E0000 000024 (v02 VBOX  )
[    0.000000] ACPI: XSDT 0x000000003FFF0030 00003C (v01 VBOX   VBOXXSDT 00000001 ASL  00000061)
[    0.000000] ACPI: FACP 0x000000003FFF00F0 0000F4 (v04 VBOX   VBOXFACP 00000001 ASL  00000061)
[    0.000000] ACPI: DSDT 0x000000003FFF0470 0021FF (v02 VBOX   VBOXBIOS 00000002 INTL 20100528)
[    0.000000] ACPI: FACS 0x000000003FFF0200 000040
[    0.000000] ACPI: FACS 0x000000003FFF0200 000040
[    0.000000] ACPI: APIC 0x000000003FFF0240 00005 (v02 VBOX  VBXAPIC 000001ASL  00000061)
[   .00000] CPI: SD 0x00000000FF020 0001CC (v01 VBOX   VBOXCPUT 00000002 INTL 20100528)
[    0.000000] No NUMA configuration found
[    0.000000] Faking a node at [mem 0x0000000000000000-0x000000003ffeffff]
[    0.000000] NODE_DATA(0) allocated [mem 0x3ffc5000-0x3ffeffff]
[    0.000000] kvm-clock: cpu 0, msr 0:3ff44001, primary cpu clock
[    0.000000] kvm-clock: Using msrs 4b564d01 and 4b564d00
[    0.000000] kvm-clock: using sched offset of 4280963285 cycles
[    0.0000] cocksource: kvm-clock: mask: 0xffffffffffffffff max_cycles: 0x1cd42e4dffb, max_idle_ns: 881590591483 ns
[    0.000000] Zone ranges:
[    0.000000]   DMA      [mem 0x0000000000001000-0x0000000000ffffff]
[    0.000000]   DMA32    [me 00000000100000-0x000000003ffeffff]
[    0.000000]   Normal   empty
[    0.000000]   Device   empty
[    0.000000] Movable zone start for each node
[    0.000000] Early memory node ranges
[    0.000000]   node   0: [mem 0x0000000000001000-0x000000000009efff]
[    0.000000]   node   0: [mem 0x0000000000100000-0x000000003ffeffff]
[    0.000000] Reserved but unavailable: 98 pages
[    0.000000] Initmem setup node 0 [mem 0x0000000000001000-0x000000003ffeffff]
[    0.000000] ACPI: PM-Timer IO Port: 0x4008
[    0.000000] IOAPIC[0]: apic_id 2, version 32, address 0xfec00000, GSI 0-23
[    0.000000] ACPI: INT_SRC_OVR (bus 0 bus_irq 0 global_irq 2 dfl dfl)
[    0.000000] ACPI: INT_SRC_OVR (bus 0 bus_irq 9 global_irq 9 low level)
[    0.000000] Using ACPI (MADT) foSMP cofiuratin infoation
[    0.000000smpboot: Allowing 2 CPUs, 0 hotplug CPUs
[    0.000000 PM: egstered nosa mmory: em0x000000-000000fff]
[    0.000] PM: Registered nosave memory: [mem 0x0009f000-0x0009ffff]
[    0.000000] PM: Registered nosave memory: [mem 0x000a0000-0x000effff]
[    0.000000] PM: Registered nosave memory: [mem 0x000f0000-0x000fffff]
[   0000000] e820: [mem0x400000-xfbffff] availlefor PC dvices
[   0.00000] ooing paraviualized kernel on KVM
[    0.000000] clocksurce: refined-jiffies: mask: 0xffffffff max_cycles: 0xffffffff, max_idle_ns: 7645519600211568 ns
[    0.000000] random: get_random_bytes called from start_kernel+0x99/0x4fd with crng_init=0
[    0.000000] setup_percpu: NR_CPUS:8192 nr_cpumask_bits:2 nr_cpu_ids:2 nr_node_ids:1
[    0.000000] percpu: Embedded 46 pages/cpu @        (ptrval) s151552 r8192 d28672 u1048576
[    0.000000] PV qspinlock hash table entries: 256 (order: 0, 4096 bytes)
[    0.000000] Built 1 zonelists, mobiliy grouping on.  Total pages: 257913
[    0.000000] Policy zone: DMA32
[    0.000000] Kernel command line: BOOT_IMAGE/bot/vinuz-4.15.0-58-generic root=LABEL=cloudimg-rootfs ro console=tty1 console=ttyS0
[    0.000000] Memory: 982904K/1048120K available (1230K krnel code, 2478K rwdata, 4280K rodata, 2424K init, 2384K bss, 65216K reserved, 0K cma-reserved)
[    0.000000] SLUB: HWalign=64, Order=0-3, MinObjects=0, CPUs=2, Nodes=1
[    0.000000] Kernel/User page tables isolation: enabled
[    0.000000] ftrace: allocating 39243 entries in 154 pages
[    0.004000] Hierarchical RCU implementation.
[    0.004000] 	RCU restricting CPUs from NR_CPUS=8192 to nr_cpu_ids=2.
[    0.004000] 	Tasks RCU enabled.
[    0.004000] RCU: Adjusting geometry for rcu_fanout_leaf=16, nr_cpu_ids=2
[    0.004000] NR_IRQS: 524544, nr_irqs: 440, preallocated irqs: 16
[    0.004000] Console: colour VGA+ 80x25
[    0.004000] console [tty1] enabled
[    0.004000] console [ttyS0] enabled
[    0.004000] ACPI: Core revision 20170831
[    0.004000] ACPI: 2 ACPI AML tables successfully acquired and loaded
[    0.004000] APIC: Switch to symmetric I/O mode setup
[    0.004000] x2apic enabled
[    0.004000] Switched APIC routing to physical x2apic.
[    0.005075] ..TIMER: vector=0x30 apic1=0 pin1=2 apic2=-1 pin2=-1
[    0.008006] tsc: Detected 1608.000 MHz processor
[    0.012016] Calibrating delay loop (skipped) preset value.. 3216.00 BogoMIPS (lpj=6432000)
[    0.016012] pid_max: default: 32768 minimum: 301
[    0.020057] Security Framework initialized
[    0.024009] Yama: becoming mindful.
[    0.025358] AppArmor: AppArmor initialized
[    0.029795] Dentry cache hash table entries: 131072 (order: 8, 1048576 bytes)
[    0.032154] Inode-cache hash table entries: 65536 (order: 7, 524288 bytes)
[    0.034822] Mount-cache hash table entries: 2048 (order: 2, 16384 bytes)
[    0.036009] Mountpoint-cache hash table entries: 2048 (order: 2, 16384 bytes)
[    0.040366] mce: CPU supports 0 MCE banks
[    0.041879] Last level iTLB entries: 4KB 64, 2MB 8, 4MB 8
[    0.044019] Last level dTLB entries: 4KB 64, 2MB 0, 4MB 0, 1GB 4
[    0.046170] Spectre V1 : Mitigation: usercopy/swapgs barriers and __user pointer sanitization
[    0.048005] Spectre V2 : Mitigation: Full generic retpoline
[    0.049796] Spectre V2 : Spectre v2 / SpectreRSB mitigation: Filling RSB on context switch
[    0.052009] Speculative Store Bypass: Vulnerable
[    0.056057] MDS: Vulnerable: Clear CPU buffers attempted, no microcode
[    0.060098] Freeing SMP alternatives memory: 36K
[    0.064000] smpboot: CPU0: Intel(R) Core(TM) i5-8210Y CPU @ 1.60GHz (family: 0x6, model: 0x8e, stepping: 0x9)
[    0.064128] Performance Events: unsupported p6 CPU model 142 no PMU driver, software events only.
[    0.068079] Hierarchical SRCU implementation.
[    0.072875] NMI watchdog: Perf event create on CPU 0 failed with -2
[    0.076005] NMI watchdog: Perf NMI watchdog permanently disabled
[    0.080081] smp: Bringing up secondary CPUs ...
[    0.081661] x86: Booting SMP configuration:
[    0.084008] .... node  #0, CPUs:      #1
[    0.004000] kvm-clock: cpu 1, msr 0:3ff44041, secondary cpu clock
[    0.004000] mce: CPU supports 0 MCE banks
[    0.096008] smp: Brought up 1 node, 2 CPUs
[    0.100014] smpboot: Max logical packages: 1
[    0.104011] smpboot: Total of 2 processors activated (6432.00 BogoMIPS)
[    0.108390] devtmpfs: initialized
[    0.112064] x86/mm: Memory block size: 128MB
[    0.116237] evm: security.selinux
[    0.120014] evm: security.SMACK64
[    0.121125] evm: security.SMACK64EXEC
[    0.124008] evm: security.SMACK64TRANSMUTE
[    0.128008] evm: security.SMACK64MMAP
[    0.132007] evm: security.apparmor
[    0.136003] evm: security.ima
[    0.140007] evm: security.capability
[    0.141430] clocksource: jiffies: mask: 0xffffffff max_cycles: 0xffffffff, max_idle_ns: 7645041785100000 ns
[    0.144023] futex hash table entries: 512 (order: 3, 32768 bytes)
[    0.148108] pinctrl core: initialized pinctrl subsystem
[    0.153565] RTC time:  6:10:23, date: 09/07/19
[    0.156249] NET: Registered protocol family 16
[    0.160081] audit: initializing netlink subsys (disabled)
[    0.164063] audit: type=2000 audit(1567836625.794:1): state=initialized audit_enabled=0 res=1
[    0.180085] cpuidle: using governor ladder
[    0.184024] cpuidle: using governor menu
[    0.188064] ACPI: bus type PCI registered
[    0.192008] acpiphp: ACPI Hot Plug PCI Controller Driver version: 0.5
[    0.196151] PCI: Using configuration type 1 for base access
[    0.200048] HugeTLB registered 2.00 MiB page size, pre-allocated 0 pages
[    0.202217] ACPI: Added _OSI(Module Device)
[    0.204007] ACPI: Added _OSI(Processor Device)
[    0.206712] ACPI: Added _OSI(3.0 _SCP Extensions)
[    0.208006] ACPI: Added _OSI(Processor Aggregator Device)
[    0.209549] ACPI: Added _OSI(Linux-Dell-Video)
[    0.210999] ACPI: Added _OSI(Linux-Lenovo-NV-HDMI-Audio)
[    0.212015] ACPI: Added _OSI(Linux-HPI-Hybrid-Graphics)
[    0.224407] ACPI: Executed 1 blocks of module-level executable AML code
[    0.264032] ACPI: Interpreter enabled
[    0.265403] ACPI: (supports S0 S5)
[    0.268008] ACPI: Using IOAPIC for interrupt routing
[    0.270049] PCI: Using host bridge windows from ACPI; if necessary, use "pci=nocrs" and report a bug
[    0.272281] ACPI: Enabled 2 GPEs in block 00 to 07
[    0.284831] ACPI: PCI Root Bridge [PCI0] (domain 0000 [bus 00-ff])
[    0.288056] acpi PNP0A03:00: _OSC: OS supports [ASPM ClockPM Segments MSI]
[    0.292056] acpi PNP0A03:00: _OSC: not requesting OS control; OS requires [ExtendedConfig ASPM ClockPM MSI]
[    0.296091] acpi PNP0A03:00: fail to add MMCONFIG information, can't access extended PCI configuration space under this bridge.
[    0.300548] PCI host bridge to bus 0000:00
[    0.304011] pci_bus 0000:00: root bus resource [io  0x0000-0x0cf7 window]
[    0.306147] pci_bus 0000:00: root bus resource [io  0x0d00-0xffff window]
[    0.308006] pci_bus 0000:00: root bus resource [mem 0x000a0000-0x000bffff window]
[    0.312013] pci_bus 0000:00: root bus resource [mem 0x40000000-0xfdffffff window]
[    0.316007] pci_bus 0000:00: root bus resource [bus 00-ff]
[    0.326745] pci 0000:00:01.1: legacy IDE quirk: reg 0x10: [io  0x01f0-0x01f7]
[    0.328013] pci 0000:00:01.1: legacy IDE quirk: reg 0x14: [io  0x03f6]
[    0.332015] pci 0000:00:01.1: legacy IDE quirk: reg 0x18: [io  0x0170-0x0177]
[    0.336008] pci 0000:00:01.1: legacy IDE quirk: reg 0x1c: [io  0x0376]
[    0.357994] pci 0000:00:07.0: quirk: [io  0x4000-0x403f] claimed by PIIX4 ACPI
[    0.360030] pci 0000:00:07.0: quirk: [io  0x4100-0x410f] claimed by PIIX4 SMB
[    0.378694] ACPI: PCI Interrupt Link [LNKA] (IRQs 5 9 10 *11)
[    0.384110] ACPI: PCI Interrupt Link [LNKB] (IRQs 5 9 *10 11)
[    0.386129] ACPI: PCI Interrupt Link [LNKC] (IRQs 5 *9 10 11)
[    0.388212] ACPI: PCI Interrupt Link [LNKD] (IRQs 5 9 10 *11)
[    0.392512] SCSI subsystem initialized
[    0.394058] pci 0000:00:02.0: vgaarb: setting as boot VGA device
[    0.396000] pci 0000:00:02.0: vgaarb: VGA device added: decodes=io+mem,owns=io+mem,locks=none
[    0.396013] pci 0000:00:02.0: vgaarb: bridge control possible
[    0.400007] vgaarb: loaded
[    0.404056] ACPI: bus type USB registered
[    0.408047] usbcore: registered new interface driver usbfs
[    0.412036] usbcore: registered new interface driver hub
[    0.416038] usbcore: registered new device driver usb
[    0.420112] EDAC MC: Ver: 3.0.0
[    0.424971] PCI: Using ACPI for IRQ routing
[    0.429009] NetLabel: Initializing
[    0.432005] NetLabel:  domain hash size = 128
[    0.436008] NetLabel:  protocols = UNLABELED CIPSOv4 CALIPSO
[    0.440033] NetLabel:  unlabeled traffic allowed by default
[    0.444106] clocksource: Switched to clocksource kvm-clock
[   0719]VFS:Dik uotas dquo_6.6.0
[    0.703873] VFS: Dquot-cache hash table entries: 512 (order 0, 4096 bytes)
[    0.705664] AppArmor: AppArmor Filesystem Enabled
[    0.707615] np: PnP ACPI init
[    0.785113] pnp: PnP ACPI: found 3 devices
[    0.80367] ocksource: pi_m: mask: 0xffffff max_cycles: 0xffffff, max_idle_ns: 2085701024s
[    1.056455] NET: Registered protocol family 2
[    1.092417] TCP established hash table entries: 8192 (order: 4, 65536 bytes)
[    1.095163] TCP bind hash table entries: 8192 (order: 5, 131072 bytes)
[    1.097558] TCP: Hash tables configured (established 8192 bind 8192)
[    1.100087] UDP hash table entries: 512 (order: 2, 16384 bytes)
[    1.102419] UDP-Lite hash table entries: 512 (order: 2, 16384 bytes)
[    1.104857] NET: Registered protocol family 1
[    1.106530] pci 000000:00.0: Limiting direct PCIPCtrnser
   12770] ci000:0:01.: ctivain ISA DMA hang workarounds
[  .607057] pci 0000:00:02.0: Video device with shadowed ROM at [mem 0x000c0000-0x000dffff]
[    1.706592] Unpacking initramfs...

[    2.040809] Freeing initrd memory: 19692K
[    2.042601] clocksource: tsc: mask: 0xffffffffffffffff max_cycles: 0x172daa3a18b, max_idle_ns: 440795212390 ns
[    2.046410] platform rtc_cmos: registered platform RTC device (no PNP device found)
[    2.060798] Scanning for low memory corruption every 60 seconds
[    2.071982] Initialise system trusted keyrings
[    2.080977] Key type blacklist registered
[    2.083541] workingset: timestamp_bits=36 max_order=18 bucket_order=0
[    2.096980] zbud: loaded
[    2.099441] squashfs: version 4.0 (2009/01/31) Phillip Lougher
[    2.103153] fuse init (API version 7.26)
[    2.117484] Key type asymmetric registered
[    2.119409] Asymmetric key parser 'x509' registered
[    2.134495] Block layer SCSI generic (bsg) driver version 0.4 loaded (major 246)
[    2.157562] io scheduler noop registered
[    2.165623] io scheduler deadline registered
[    2.166829] io scheduler cfq registered (default)
[    2.168810] ACPI: AC Adapter [AC] (off-line)
[    2.208477] input: Power Button as /devices/LNXSYSTM:00/LNXPWRBN:00/input/input0
[    2.212120] ACPI: Power Button [PWRF]
[    2.218937] input: Sleep Button as /devices/LNXSYSTM:00/LNXSLPBN:00/input/input1
[    2.228216] ACPI: Sleep Button [SLPF]
[    2.241468] Serial: 8250/16550 driver, 32 ports, IRQ sharing enabled
[    2.243264] ACPI: Battery Slot [BAT0] (battery present)
[    2.267757] 00:02: ttyS0 at I/O 0x3f8 (q  4, bas_baud = 115200) is a 16550A
[    2.390807] Linux agpgart interface v0.103
[    2.400762] loop: module loaded
[    2.409031] scsi host0: ata_piix
[    2.428396] scsi host1: ata_piix
[    2.430019] ata1: PATA max UDMA/33 cmd 0x1f0 ctl 0x3f6 bmdma 0xd000 irq 14
[    2.478263] ata2: PATA max UDMA/33 cmd 0x170 ctl 0x376 bmdma 0xd008 irq 15
[    2.532690] libphy: Fixed MDIO Bus: probed
[    2.533958] tun: Universal TUN/TAP device driver, 1.6
[    2.557615] PPP generic driver version 2.4.2
[    2.561779] ehci_hcd: USB 2.0 'Enhanced' Host Controller (EHCI) Driver
[    2.571620] ehci-pci: EHCI PCI platform driver
[    2.584691] ehci-platform: EHCI generic platform driver
[    2.600814] ohci_hcd: USB 1.1 'Open' Host Controller (OHCI) Driver
[    2.602529] ohci-pci: OHCI PCI platform driver
[    2.603768] ohci-platform: OHCI generic platform driver
[    2.605262] uhci_hcd: USB Universal Host Controller Interface driver
[    2.607308] i8042: PNP: PS/2 Controller [PNP0303:PS2K,PNP0f03:PS2M] at 0x60,0x64 irq 1,12
[    2.626758] serio: i8042 KBD port at 0x60,0x64 irq 1
[    2.628344] serio: i8042 AUX port at 0x60,0x64 irq 12
[    2.641135] mousedev: PS/2 mouse device common for all mice
[    2.644101] rtc_cmos rtc_cmos: rtc core: registered rtc_cmos as rtc0
[    2.652105] rtc_cmos rtc_cmos: alarms up to one day, 114 bytes nvram
[    2.658267] input: AT Translated Set 2 keyboard as /devices/platform/i8042/serio0/input/input2
[    2.664446] i2c /dev entries driver
[    2.691457] device-mapper: uevent: version 1.0.3
[    2.693616] device-mapper: ioctl: 4.37.0-ioctl (2017-09-20) initialised: dm-devel@redhat.com
[    2.743464] ledtrig-cpu: registered to indicate activity on CPUs
[    2.821576] NET: Registered protocol family 10
[    2.909654] Segment Routing with IPv6
[    2.961673] NET: Registered protocol family 17
[    3.001621] Key type dns_resolver registered
[    3.044019] RAS: Correctable Errors collector initialized.
[    3.067691] sched_clock: Marking stable (3067665463, 0)->(7995066821, -4927401358)
[    3.109317] registered taskstats version 1
[    3.123221] Loading compiled-in X.509 certificates
[    3.128372] Loaded X.509 cert 'Build time autogenerated kernel key: e343dd3e31c9820cf0adf0156bc2eecdcfc394af'
[    3.141409] zswap: loaded using pool lzo/zbud
[    3.148557] Key type big_key registered
[    3.167781] Key type trusted registered
[    3.219218] Key type encrypted registered
[    3.220897] AppArmor: AppArmor sha1 policy hashing enabled
[    3.244765] ima: No TPM chip found, activating TPM-bypass! (rc=-19)
[    3.254426] ima: Allocated hash algorithm: sha1
[    3.264143] evm: HMAC attrs: 0x1
[    3.283419]   Magic number: 3:793:164
[    3.287597] rtc_cmos rtc_cmos: setting system clock to 2019-09-07 06:10:27 UTC (1567836627)
[    3.298037] BIOS EDD facility v0.16 2004-Jun-25, 0 devices found
[    3.308399] EDD information not available.
[    3.326696] Freeing unused kernel image memory: 2424K
[    3.344594] Write protecting the kernel read-only data: 20480k
[    3.351798] Freeing unused kernel image memory: 2008K
[    3.354820] Freeing unused kernel image memory: 1864K
[    3.370386] x86/mm: Checked W+X mappings: passed, no W+X pages found.
[    3.387247] x86/mm: Checking user space page tables
[    3.394498] x86/mm: Checked W+X mappings: passed, no W+X pages found.
Loading, please wait...
starting version 237
[    3.480514] e1000: Intel(R) PRO/1000 Network Driver - version 7.3.21-k8-NAPI
[    3.502843] e1000: Copyright (c) 1999-2006 Intel Corporation.
[    3.523617] Fusion MPT base driver 3.04.20
[    3.584259] Copyright (c) 1999-2008 LSI Corporation
[    3.596386] AVX2 version of gcm_enc/dec engaged.
[    3.624095] AES CTR mode by8 optimization enabled
[    3.626083] Fusion MPT SPI Host driver 3.04.20
[    3.636319] vboxvideo: loading out-of-tree module taints kernel.
[    3.643413] vboxvideo: module verification failed: signature and/or required key missing - tainting kernel
[    3.728720] input: ImExPS/2 Generic Explorer Mouse as /devices/platform/i8042/serio1/input/input4
[    4.158555] e1000 0000:00:03.0 eth0: (PCI:33MHz:32-bit) 02:a9:3e:be:bb:aa
[    5.533474] e1000 0000:00:03.0 eth0: Intel(R) PRO/1000 Network Connection
[    5.537745] mptbase: ioc0: Initiating bringup
[    5.837088] ioc0: LSI53C1030 A0: Capabilities={Initiator}
[    6.583566] scsi host2: ioc0: LSI53C1030 A0, FwRev=00000000h, Ports=1, MaxQ=256, IRQ=20
[    7.143235] [drm] VRAM 01000000
[    7.144842] scsi 2:0:0:0: Direct-Access     VBOX     HARDDISK         1.0  PQ: 0 ANSI: 5
[    7.205134] [TTM] Zone  kernel: Available graphics memory: 504464 kiB
[    7.218990] [TTM] Initializing pool allocator
[    7.221958] [TTM] Initializing DMA pool allocator
[    7.247562] fbcon: vboxdrmfb (fb0) is primary device
[    7.249173] Console: switching to colour frame buffer device 100x37
[    7.323652] vboxvideo 0000:00:02.0: fb0: vboxdrmfb frame buffer device
[    7.332151] scsi target2:0:0: Beginning Domain Validation
[    7.432073] [drm] Initialized vboxvideo 1.0.0 20130823 for 0000:00:02.0 on minor 0
[    7.552553] scsi target2:0:0: Domain Validation skipping write tests
[    7.585634] scsi target2:0:0: Ending Domain Validation
[    7.587247] scsi target2:0:0: asynchronous
[    7.589011] scsi 2:0:1:0: Direct-Access     VBOX     HARDDISK         1.0  PQ: 0 ANSI: 5
[    7.816113] scsi target2:0:1: Beginning Domain Validation
[    7.821143] random: fast init done
[    7.826623] scsi target2:0:1: Domain Validation skipping write tests
[    7.832674] scsi target2:0:1: Ending Domain Validation
[    7.833994] scsi target2:0:1: asynchronous
[    7.844338] random: systemd-udevd: uninitialized urandom read (16 bytes read)
[    7.851494] sd 2:0:0:0: Attached scsi generic sg0 type 0
[    7.853229] sd 2:0:0:0: [sda] 20971520 512-byte logical blocks: (10.7 GB/10.0 GiB)
[    7.855092] sd 2:0:0:0: [sda] Write Protect is off
[    7.856789] sd 2:0:0:0: [sda] Incomplete mode parameter data
[    7.858619] sd 2:0:0:0: [sda] Assuming drive cache: write through
[    7.861196] sd 2:0:1:0: Attached scsi generic sg1 type 0
[    7.868201] random: systemd-udevd: uninitialized urandom read (16 bytes read)
[    7.870141] random: systemd-udevd: uninitialized urandom read (16 bytes read)
[    7.873185] sd 2:0:1:0: [sdb] 20480 512-byte logical blocks: (10.5 MB/10.0 MiB)
[    7.875032]  sda: sda1
[    7.876216] sd 2:0:1:0: [sdb] Write Protect is off
[    7.877828] sd 2:0:1:0: [sdb] Incomplete mode parameter data
[    7.880061] sd 2:0:1:0: [sdb] Assuming drive cache: write through
[    7.882569] sd 2:0:0:0: [sda] Attached SCSI disk
[    7.886131] sd 2:0:1:0: [sdb] Attached SCSI disk
[    8.033542] e1000 0000:00:08.0 eth1: (PCI:33MHz:32-bit) 08:00:27:48:aa:d3
[    8.101237] e1000 0000:00:08.0 eth1: Intel(R) PRO/1000 Network Connection
[    8.128984] e1000 0000:00:08.0 enp0s8: renamed from eth1
[    8.140895] e1000 0000:00:03.0 enp0s3: renamed from eth0
Begin: Loading essential drivers ... [    8.316932] raid6: sse2x1   gen() 11350 MB/s
[    8.404045] raid6: sse2x1   xor()  6916 MB/s
[    8.460402] raid6: sse2x2   gen() 12303 MB/s
[    8.538274] raid6: sse2x2   xor()  8070 MB/s
[    8.616491] raid6: sse2x4   gen() 13911 MB/s
[    8.664293] raid6: sse2x4   xor()  8214 MB/s
[    8.724802] raid6: avx2x1   gen() 22390 MB/s
[    8.796745] raid6: avx2x1   xor() 14758 MB/s
[    8.876090] raid6: avx2x2   gen() 22113 MB/s
[    8.928019] raid6: avx2x2   xor()  5859 MB/s
[    8.976417] raid6: avx2x4   gen() 18712 MB/s
[    9.048535] raid6: avx2x4   xor() 16442 MB/s
[    9.069775] raid6: using algorithm avx2x1 gen() 22390 MB/s
[    9.083135] raid6: .... xor() 14758 MB/s, rmw enabled
[    9.091687] raid6: using avx2x2 recovery algorithm
[    9.121171] xor: automatically using best checksumming function   avx       
[    9.139700] async_tx: api initialized (async)
done.
Begin: Running /scripts/init-premount ... done.
Begin: Mounting root file system ... Begin: Running /scripts/local-top ... done.
Begin: Running /scripts/local-premount ... [    9.208094] Btrfs loaded, crc32c=crc32c-intel
Scanning for Btrfs filesystems
done.
Warning: fsck no[    9.244050] EXT4-fs (sda1): mounted filesystem with ordered data mode. Opts: (null)
t present, so skipping root file system
done.
Begin: Running /scripts/local-bottom ... done.
Begin: Running /scripts/init-bottom ... done.
[    9.476524] ip_tables: (C) 2000-2006 Netfilter Core Team
[   10.049274] systemd[1]: systemd 237 running in system mode. (+PAM +AUDIT +SELINUX +IMA +APPARMOR +SMACK +SYSVINIT +UTMP +LIBCRYPTSETUP +GCRYPT +GNUTLS +ACL +XZ +LZ4 +SECCOMP +BLKID +ELFUTILS +KMOD -IDN2 +IDN -PCRE2 default-hierarchy=hybrid)
[   12.058394] systemd[1]: Detected virtualization oracle.
[   12.094655] systemd[1]: Detected architecture x86-64.

Welcome to [1mUbuntu 18.04.3 LTS[0m!

[   12.132839] systemd[1]: Set hostname to <ubuntu-bionic>.
[   13.029899] systemd[1]: Created slice System Slice.
[[0;32m  OK  [0m] Created slice System Slice.
[   13.067270] systemd[1]: Reached target Swap.
[[0;32m  OK  [0m] Reached target Swap.
[   13.560644] systemd[1]: Listening on udev Control Socket.
[[0;32m  OK  [0m] Listening on udev Control Socket.
[   13.563670] systemd[1]: Started Forward Password Requests to Wall Directory Watch.
[[0;32m  OK  [0m] Started Forward Password Requests to Wall Directory Watch.
[   13.581748] systemd[1]: Listening on LVM2 metadata daemon socket.
[[0;32m  OK  [0m] Listening on LVM2 metadata daemon socket.
[   13.624540] systemd[1]: Listening on /dev/initctl Compatibility Named Pipe.
[[0;32m  OK  [0m] Listening on /dev/initctl Compatibility Named Pipe.
[[0;32m  OK  [0m] Listening on Network Service Netlink Socket.
[[0;32m  OK  [0m] Reached target User and Group Name Lookups.
[[0;32m  OK  [0m] Created slice User and Session Slice.
[[0;32m  OK  [0m] Listening on Journal Audit Socket.
[[0;32m  OK  [0m] Listening on Journal Socket.
         Starting Uncomplicated firewall...
         Starting Create list of required st…ce nodes for the current kernel...
         Mounting Kernel Debug File System...
         Starting Load Kernel Modules...
[[0;32m  OK  [0m] Reached target System Time Synchronized.
[[0;32m  OK  [[   14.930101] Loading iSCSI transport class v2.0-870.
0m] Listening on udev Kernel Socket.
[   15.073165] systemd[1]: Starting udev Coldplug all Devices...
         Starting udev Coldplug all Devices...
[   15.084150] systemd[1]: Set up automount Arbitrary Executable File Formats File System Automount Point.
[[0;32m  OK  [0m] Set up automount Arbitrary E[   15.089313] iscsi: registered transport (tcp)
xecutab…rmats File System Automount Point.
[   15.119607] systemd[1]: Listening on Syslog Socket.
[[0;32m  OK  [0m] Listening on Syslog Socket.
[   15.142182] systemd[1]: Created slice system-serial\x2dgetty.slice.
[[0;32m  OK  [0m] Created slice system-serial\x2dgetty.slice.
[   15.175537] systemd[1]: Listening on Journal Socket (/dev/log).
[[0;32m  OK  [0m] Listening on Journal Socket (/dev/log).
[   15.183218] iscsi: registered transport (iser)
[   15.186750] systemd[1]: Starting Journal Service...
         Starting Journal Service...
[   15.190456] systemd[1]: Starting Set the console keyboard layout...
         Starting Set the console keyboard layout...
[   15.204288] systemd[1]: Listening on Device-mapper event daemon FIFOs.
[[0;32m  OK  [0m] Listening on Device-mapper event daemon FIFOs.
[   15.221248] systemd[1]: Starting Monitoring of LVM2 mirrors, snapshots etc. using dmeventd or progress polling...
         Starting Monitoring of LVM2 mirrors…ng dmeventd or progress polling...
[   15.239744] systemd[1]: Reached target Slices.
[[0;32m  OK  [0m] Reached target Slices.
         Mounting Huge Pages File System...
[[0;32m  OK  [0m] Listening on LVM2 poll daemon socket.
         Mounting POSIX Message Queue File System...
         Starting Remount Root and Kernel File Systems...
[[0;32m  OK  [0m] Started Journal Service.
[[0;32m  OK  [0m] Started Uncompli[   15.338585] EXT4-fs (sda1): re-mounted. Opts: (null)
cated firewall.
[[0;32m  OK  [0m] Started Create list of required sta…vice nodes for the current kernel.
[[0;32m  OK  [0m] Mounted Kernel Debug File System.
[[0;32m  OK  [0m] Started Load Kernel Modules.
[[0;32m  OK  [0m] Mounted Huge Pages File System.
[[0;32m  OK  [0m] Mounted POSIX Message Queue File System.
[   15.409964] random: crng init done
[   15.412197] random: 7 urandom warning(s) missed due to ratelimiting
[[0;32m  OK  [0m] Started Remount Root and Kernel File Systems.
[[0;32m  OK  [0m] Started LVM2 metadata daemon.
         Starting Load/Save Random Seed...
         Starting Apply Kernel Variables...
         Mounting Kernel Configuration File System...
         Mounting FUSE Control File System...
         Starting Create Static Device Nodes in /dev...
         Starting Flush Journal to Persistent Storage...
[[0;32m  OK  [0m] Started udev Coldplug all Devices.
[[0;32m  OK  [0m] Started Load/Save Random Seed.
[[0;32m  OK  [0m] Mounted Kernel Configuration File System.
[[0;32m  OK  [0m] Mounted FUSE Control File System.
[[0;32m  OK  [0m] Started Create Static Device Nodes in /dev.
[[0;32m  OK  [0m] Started Apply Kernel Variables.
         Starting udev Kernel Device Manager...
[[0;32m  OK  [0m] Started udev Kernel Device Manager.
[[0;32m  OK  [0m] Started Monitoring of LVM2 mirrors,…sing dmeventd or progress polling.
[[0;32m  OK  [0m] Started Flush Journal to Persistent Storage.
[[0;32m  OK  [0m] Found device /dev/ttyS0.
[[0;32m  OK  [0m] Listening on Load/Save RF Kill Switch Status /dev/rfkill Watch.
[[0;32m  OK  [0m] Started Set the console keyboard layout.
[[0;32m  OK  [0m] Reached target Local File Systems (Pre).
[[0;32m  OK  [0m] Reached target Local File Systems.
         Starting AppArmor initialization...
         Starting Set console font and keymap...
         Starting ebtables ruleset management...
         Starting Create Volatile Files and Directories...
         Starting Tell Plymouth To Write Out Runtime Data...
[[0;32m  OK  [0m] Started Dispatch Password Requests to Console Directory Watch.
[[0;32m  OK  [0m] Reached target Local Encrypted Volumes.
[[0;32m  OK  [0m] Started Set console font and keymap.
[[0;32m  OK  [0m] Started Create Volatile Files and Directories.
         Starting Update UTMP about System Boot/Shutdown...
[[0;32m  OK  [0m] Started Tell Plymouth To Write Out Runtime Data.
[[0;32m  OK  [0m] Started Update UTMP about System Boot/Shutdown.
[[0;32m  OK  [0m] Started ebtables ruleset management.
[[0;32m  OK  [0m] Started AppArmor initialization.
         Starting Initial cloud-init job (pre-networking)...
[   18.224555] cloud-init[723]: Cloud-init v. 19.1-1-gbaa47854-0ubuntu1~18.04.1 running 'init-local' at Sat, 07 Sep 2019 06:10:42 +0000. Up 17.97 seconds.
[[0;32m  OK  [0m] Started Initial cloud-init job (pre-networking).
[[0;32m  OK  [0m] Reached target Network (Pre).
         Starting Network Service...
[[0;32m  OK  [0m] Started Network Service.
         Starting Wait for Network to be Configured...
         Starting Network Name Resolution...
[[0;32m  OK  [0m] Started Network Name Resolution.
[[0;32m  OK  [0m] Reached target Network.
[[0;32m  OK  [0m] Reached target Host and Network Name Lookups.
[[0;32m  OK  [0m] Started Wait for Network to be Configured.
         Starting Initial cloud-init job (metadata service crawler)...
[   20.964018] cloud-init[834]: Cloud-init v. 19.1-1-gbaa47854-0ubuntu1~18.04.1 running 'init' at Sat, 07 Sep 2019 06:10:44 +0000. Up 20.78 seconds.
[   21.005877] cloud-init[834]: ci-info: ++++++++++++++++++++++++++++++++++++++Net device info+++++++++++++++++++++++++++++++++++++++
[   21.022523] cloud-init[834]: ci-info: +--------+------+-----------------------------+---------------+--------+-------------------+
[   21.032756] cloud-init[834]: ci-info: | Device |  Up  |           Address           |      Mask     | Scope  |     Hw-Address    |
[   21.040843] cloud-init[834]: ci-info: +--------+------+-----------------------------+---------------+--------+-------------------+
[   21.077832] cloud-init[834]: ci-info: | enp0s3 | True |          10.0.2.15          | 255.255.255.0 | global | 02:a9:3e:be:bb:aa |
[   21.081863] cloud-init[834]: ci-info: | enp0s3 | True |  fe80::a9:3eff:febe:bbaa/64 |       .       |  link  | 02:a9:3e:be:bb:aa |
[   21.085040] cloud-init[834]: ci-info: | enp0s8 | True |        192.168.33.10        | 255.255.255.0 | global | 08:00:27:48:aa:d3 |
[   21.141851] cloud-init[834]: ci-info: | enp0s8 | True | fe80::a00:27ff:fe48:aad3/64 |       .       |  link  | 08:00:27:48:aa:d3 |
[   21.194145] cloud-init[834]: ci-info: |   lo   | True |          127.0.0.1          |   255.0.0.0   |  host  |         .         |
[   21.199117] cloud-init[834]: ci-info: |   lo   | True |           ::1/128           |       .       |  host  |         .         |
[   21.222915] cloud-init[834]: ci-info: +--------+------+-----------------------------+---------------+--------+-------------------+
[   21.235007] cloud-init[834]: ci-info: +++++++++++++++++++++++++++++Route IPv4 info+++++++++++++++++++++++++++++
[   21.249419] cloud-init[834]: ci-info: +-------+--------------+----------+-----------------+-----------+-------+
[   21.267463] cloud-init[834]: ci-info: | Route | Destination  | Gateway  |     Genmask     | Interface | Flags |
[[   21.296526] cloud-init[834]: ci-info: +-------+--------------+----------+-----------------+-----------+-------+
[   21.297269] cloud-init[834]: ci-info: |   0   |   0.0.0.0    | 10.0.2.2 |     0.0.0.0     |   enp0s3  |   UG  |
[0;32m  OK  [0m] Started Initial cloud-init job (metadata service crawler).
[   21.298857] [[0;32m  OK  [0m] Reached target Cloud-config availability.
[[0;32m  OK  [0m] Reached target System Initialization.
[[0;32m  OK  [0m] Listening on Open-iSCSI iscsid Socket.
cloud-init[834]: ci-info: |   1   |   10.0.2.0   | 0.0.0.0  |  255.255.255.0  |   enp0s3  |   U   |
[[0;32m  OK  [0m] Started ACPI Events Check.
[[0;32m  OK  [0m] Started Daily Cleanup of Temporary Directories.
         Starting Socket activation for snappy daemon.
[[0;32m  OK  [0m] Listening on ACPID Listen Socket.
[[0;32m  OK  [0m] Reached target Paths.
[   21.422978] cloud-init[834]: ci-info: |   2   |   10.0.2.2   | 0.0.0.0  | 255.255.255.255 |   enp0s3  |   UH  |
[[0;32m  OK  [0m] Started Daily apt download activities.
[   21.517909] [[0;32m  OK  [0m] Listening on D-Bus System Message Bus Socket.
cloud-init[834]: ci-info: |   3   | 192.168.33.0 | 0.0.0.0  |  255.255.255.0  |   enp0s8  |   U   |
         Starting LXD - unix socket.
[[0;32m  OK  [0m] Started Message of the Day.
[[0;32m  OK  [0m] Listening on UUID daemon activation socket.
[[0;32m  OK  [0m] Started Discard unused blocks once a week.
[[0;32m  OK  [0m] Started Daily apt upgrade and clean activities.
[[0;32m  OK  [0m] Reached target Timers.
[   21.544841] cloud-init[834]: ci-info: +-------+--------------+----------+-----------------+-----------+-------+
[[0;32m  OK  [0m] Reached target Network is Online.
[   21.585038] cloud-init[834]: ci-info: +++++++++++++++++++Route IPv6 info+++++++++++++++++++
         Starting Availability of block devices...
[[0;32m  OK  [0m] Reached target Remote File Systems (Pre).
[[0;32m  OK  [0m] Reached target Remote File Systems.
[[0;32m  OK  [0m] Listening on Socket activation for snappy daemon.
[[0;32m  OK  [0m] Listening on LXD - unix socket.
[[0;32m  OK  [0m] Started Availability of block devices.
[[0;32m  OK  [0m] Reached target Sockets.
[[0;32m  OK  [0m] Reached target Basic System.
[   21.611130] cloud-init[834]: ci-info: +-------+-------------+---------+-----------+-------+
         Starting vboxadd.service...
[   21.673397] cloud-init[834]: ci-info: | Route | Destination | Gateway | Interface | Flags |
[   21.683651] cloud-init[834]: ci-info: +-------+-------------+---------+-----------+-------+
         Starting LSB: automatic crash report generation...
[[   21.689103] cloud-init[834]: ci-info: |   1   |  fe80::/64  |    ::   |   enp0s8  |   U   |
[0;32m  OK  [0m] Started Deferred execution scheduler.
[   21.711088] cloud-init[834]: ci-info: |   2   |  fe80::/64  |    ::   |   enp0s3  |   U   |
[   21.720323] cloud-init[834]: ci-info: |   4   |    local    |    ::   |   enp0s3  |   U   |
[   21.730099]          cloud-initStarting Accounts Service...
         Starting LXD - container startup/shutdown...
[834]: ci-info: |   5   |    local    |    ::   |   enp0s8  |   U   |
         Starting Dispatcher daemon for systemd-networkd...
[   21.785699] cloud-init[834]: ci-info: |   6   |   ff00::/8  |    ::   |   enp0s8  |   U   |
[   21.860708] cloud-init[834]: ci-info: |   7   |   ff00::/8  |    ::   |   enp0s3  |   U   |
[   21.885321] cloud-init[834]: ci-info: +-------+-------------+---------+-----------+-------+
[[0;32m  OK  [0m] Started irqbalance daemon.
         Starting Login Service...
[[0;32m  OK  [0m] Started Regular background program processing daemon.
         Starting Permit User Sessions...
         Starting System Logging Service...
[[0;32m  OK  [0m] Started D-Bus System Message Bus.
[[0;32m  OK  [0m] Started FUSE filesystem for LXC.
         Starting OpenBSD Secure Shell server...
         Starting LSB: Record successful boot for GRUB...
         Starting Snappy daemon...
[[0;32m  OK  [0m] Started System Logging Service.
[[0;32m  OK  [0m] Started Dispatcher daemon for systemd-networkd.
[[0;32m  OK  [0m] Started LXD - container startup/shutdown.
[[0;32m  OK  [0m] Started Permit User Sessions.
[[0;32m  OK  [0m] Started Login Service.
         Starting Authorization Manager...
[[0;32m  OK  [0m] Started Unattended Upgrades Shutdown.
         Starting Terminate Plymouth Boot Screen...
         Starting Hold until boot process finishes up...
[[0;32m  OK  [0m] Started OpenBSD Secure Shell server.
[[0;32m  OK  [0m] Started Terminate Plymouth Boot Screen.
[[0;32m  OK  [0m] Started Hold until boot process finishes up.
         Starting Set console scheme...
[[0;32m  OK  [0m] Started Serial Getty on ttyS0.
[[0;32m  OK  [0m] Started Authorization Manager.
[[0;32m  OK  [0m] Started Accounts Service.
[[0;32m  OK  [0m] Started Set console scheme.
[[0;32m  OK  [0m] Created slice system-getty.slice.
[[0;32m  OK  [0m] Started Getty on tty1.
[[0;32m  OK  [0m] Reached target Login Prompts.
[[0;32m  OK  [0m] Started LSB: automatic crash report generation.
[[0;32m  OK  [0m] Started LSB: Record successful boot for GRUB.
[[0;32m  OK  [0m] Created slice User Slice of vagrant.
[[0;32m  OK  [0m] Started vboxadd.service.
[[0;32m  OK  [0m] Started Session 1 of user vagrant.
         Starting vboxadd-service.service...
         Starting User Manager for UID 1000...
[[0;32m  OK  [0m] Started Snappy daemon.
         Starting Wait until snapd is fully seeded...
[[0;32m  OK  [0m] Started vboxadd-service.service.
[[0;32m  OK  [0m] Started Wait until snapd is fully seeded.
         Starting Apply the settings specified in cloud-config...
[[0;32m  OK  [0m] Reached target Multi-User System.
[[0;32m  OK  [0m] Reached target Graphical Interface.
         Starting Update UTMP about System Runlevel Changes...
[[0;32m  OK  [0m] Started User Manager for UID 1000.
[[0;32m  OK  [0m] Started Update UTMP about System Runlevel Changes.
[   23.698419] cloud-init[1266]: Cloud-init v. 19.1-1-gbaa47854-0ubuntu1~18.04.1 running 'modules:config' at Sat, 07 Sep 2019 06:10:47 +0000. Up 23.54 seconds.
[[0;32m  OK  [0m] Started Apply the settings specified in cloud-config.
         Starting Execute cloud user/final scripts...
[   24.395300] cloud-init[1328]: Cloud-init v. 19.1-1-gbaa47854-0ubuntu1~18.04.1 running 'modules:final' at Sat, 07 Sep 2019 06:10:48 +0000. Up 24.21 seconds.
[   24.399478] cloud-init[1328]: Cloud-init v. 19.1-1-gbaa47854-0ubuntu1~18.04.1 finished at Sat, 07 Sep 2019 06:10:48 +0000. Datasource DataSourceNoCloud [seed=/dev/sdb][dsmode=net].  Up 24.38 seconds
[[0;32m  OK  [0m] Started Execute cloud user/final scripts.
[[0;32m  OK  [0m] Reached target Cloud-init target.

Ubuntu 18.04.3 LTS ubuntu-bionic ttyS0

ubuntu-bionic login: 